<?xml version="1.0" encoding="UTF-8"?>
<testng-results ignored="0" total="14" passed="13" failed="1" skipped="0">
  <reporter-output>
  </reporter-output>
  <suite started-at="2025-07-31T19:27:44 IST" name="Bookstore API Test Suite" finished-at="2025-07-31T19:27:46 IST" duration-ms="1327">
    <groups>
    </groups>
    <test started-at="2025-07-31T19:27:44 IST" name="API Tests" finished-at="2025-07-31T19:27:46 IST" duration-ms="1327">
      <class name="com.bookstore.api.tests.BookstoreApiTests">
        <test-method is-config="true" signature="setup()[pri:0, instance:com.bookstore.api.tests.BookstoreApiTests@59505b48]" started-at="2025-07-31T19:27:44 IST" name="setup" finished-at="2025-07-31T19:27:45 IST" duration-ms="628" status="PASS">
          <reporter-output>
          </reporter-output>
        </test-method> <!-- setup -->
        <test-method signature="testCreateBookInvalidData()[pri:0, instance:com.bookstore.api.tests.BookstoreApiTests@59505b48]" started-at="2025-07-31T19:27:45 IST" name="testCreateBookInvalidData" finished-at="2025-07-31T19:27:45 IST" duration-ms="313" status="FAIL">
          <exception class="java.lang.AssertionError">
            <message>
              <![CDATA[1 expectation failed.
Expected status code <422> but was <404>.
]]>
            </message>
            <full-stacktrace>
              <![CDATA[java.lang.AssertionError: 1 expectation failed.
Expected status code <422> but was <404>.

at java.base/jdk.internal.reflect.NativeConstructorAccessorImpl.newInstance0(Native Method)
at java.base/jdk.internal.reflect.NativeConstructorAccessorImpl.newInstance(NativeConstructorAccessorImpl.java:77)
at java.base/jdk.internal.reflect.DelegatingConstructorAccessorImpl.newInstance(DelegatingConstructorAccessorImpl.java:45)
at java.base/java.lang.reflect.Constructor.newInstanceWithCaller(Constructor.java:500)
at java.base/java.lang.reflect.Constructor.newInstance(Constructor.java:481)
at org.codehaus.groovy.reflection.CachedConstructor.invoke(CachedConstructor.java:73)
at org.codehaus.groovy.runtime.callsite.ConstructorSite$ConstructorSiteNoUnwrapNoCoerce.callConstructor(ConstructorSite.java:108)
at org.codehaus.groovy.runtime.callsite.CallSiteArray.defaultCallConstructor(CallSiteArray.java:57)
at org.codehaus.groovy.runtime.callsite.AbstractCallSite.callConstructor(AbstractCallSite.java:263)
at org.codehaus.groovy.runtime.callsite.AbstractCallSite.callConstructor(AbstractCallSite.java:277)
at io.restassured.internal.ResponseSpecificationImpl$HamcrestAssertionClosure.validate(ResponseSpecificationImpl.groovy:512)
at io.restassured.internal.ResponseSpecificationImpl$HamcrestAssertionClosure$validate$1.call(Unknown Source)
at org.codehaus.groovy.runtime.callsite.CallSiteArray.defaultCall(CallSiteArray.java:45)
at org.codehaus.groovy.runtime.callsite.AbstractCallSite.call(AbstractCallSite.java:125)
at org.codehaus.groovy.runtime.callsite.AbstractCallSite.call(AbstractCallSite.java:139)
at io.restassured.internal.ResponseSpecificationImpl.validateResponseIfRequired(ResponseSpecificationImpl.groovy:696)
at io.restassured.internal.ResponseSpecificationImpl.this$2$validateResponseIfRequired(ResponseSpecificationImpl.groovy)
at java.base/jdk.internal.reflect.NativeMethodAccessorImpl.invoke0(Native Method)
at java.base/jdk.internal.reflect.NativeMethodAccessorImpl.invoke(NativeMethodAccessorImpl.java:77)
at java.base/jdk.internal.reflect.DelegatingMethodAccessorImpl.invoke(DelegatingMethodAccessorImpl.java:43)
at java.base/java.lang.reflect.Method.invoke(Method.java:569)
at org.codehaus.groovy.runtime.callsite.PlainObjectMetaMethodSite.doInvoke(PlainObjectMetaMethodSite.java:43)
at org.codehaus.groovy.runtime.callsite.PogoMetaMethodSite$PogoCachedMethodSiteNoUnwrapNoCoerce.invoke(PogoMetaMethodSite.java:198)
at org.codehaus.groovy.runtime.callsite.PogoMetaMethodSite.callCurrent(PogoMetaMethodSite.java:62)
at org.codehaus.groovy.runtime.callsite.CallSiteArray.defaultCallCurrent(CallSiteArray.java:49)
at org.codehaus.groovy.runtime.callsite.AbstractCallSite.callCurrent(AbstractCallSite.java:171)
at org.codehaus.groovy.runtime.callsite.AbstractCallSite.callCurrent(AbstractCallSite.java:185)
at io.restassured.internal.ResponseSpecificationImpl.statusCode(ResponseSpecificationImpl.groovy:135)
at io.restassured.specification.ResponseSpecification$statusCode$0.callCurrent(Unknown Source)
at org.codehaus.groovy.runtime.callsite.CallSiteArray.defaultCallCurrent(CallSiteArray.java:49)
at org.codehaus.groovy.runtime.callsite.AbstractCallSite.callCurrent(AbstractCallSite.java:171)
at org.codehaus.groovy.runtime.callsite.AbstractCallSite.callCurrent(AbstractCallSite.java:185)
at io.restassured.internal.ResponseSpecificationImpl.statusCode(ResponseSpecificationImpl.groovy:143)
at io.restassured.internal.ValidatableResponseOptionsImpl.statusCode(ValidatableResponseOptionsImpl.java:89)
at com.bookstore.api.tests.BookstoreApiTests.testCreateBookInvalidData(BookstoreApiTests.java:211)
at java.base/jdk.internal.reflect.NativeMethodAccessorImpl.invoke0(Native Method)
at java.base/jdk.internal.reflect.NativeMethodAccessorImpl.invoke(NativeMethodAccessorImpl.java:77)
at java.base/jdk.internal.reflect.DelegatingMethodAccessorImpl.invoke(DelegatingMethodAccessorImpl.java:43)
at java.base/java.lang.reflect.Method.invoke(Method.java:569)
at org.testng.internal.invokers.MethodInvocationHelper.invokeMethod(MethodInvocationHelper.java:141)
at org.testng.internal.invokers.TestInvoker.invokeMethod(TestInvoker.java:686)
at org.testng.internal.invokers.TestInvoker.invokeTestMethod(TestInvoker.java:230)
at org.testng.internal.invokers.MethodRunner.runInSequence(MethodRunner.java:63)
at org.testng.internal.invokers.TestInvoker$MethodInvocationAgent.invoke(TestInvoker.java:992)
at org.testng.internal.invokers.TestInvoker.invokeTestMethods(TestInvoker.java:203)
at org.testng.internal.invokers.TestMethodWorker.invokeTestMethods(TestMethodWorker.java:154)
at org.testng.internal.invokers.TestMethodWorker.run(TestMethodWorker.java:134)
at java.base/java.util.ArrayList.forEach(ArrayList.java:1511)
at org.testng.TestRunner.privateRun(TestRunner.java:739)
at org.testng.TestRunner.run(TestRunner.java:614)
at org.testng.SuiteRunner.runTest(SuiteRunner.java:421)
at org.testng.SuiteRunner.runSequentially(SuiteRunner.java:413)
at org.testng.SuiteRunner.privateRun(SuiteRunner.java:373)
at org.testng.SuiteRunner.run(SuiteRunner.java:312)
at org.testng.SuiteRunnerWorker.runSuite(SuiteRunnerWorker.java:52)
at org.testng.SuiteRunnerWorker.run(SuiteRunnerWorker.java:95)
at org.testng.TestNG.runSuitesSequentially(TestNG.java:1274)
at org.testng.TestNG.runSuitesLocally(TestNG.java:1208)
at org.testng.TestNG.runSuites(TestNG.java:1112)
at org.testng.TestNG.run(TestNG.java:1079)
at org.apache.maven.surefire.testng.TestNGExecutor.run(TestNGExecutor.java:308)
at org.apache.maven.surefire.testng.TestNGXmlTestSuite.execute(TestNGXmlTestSuite.java:71)
at org.apache.maven.surefire.testng.TestNGProvider.invoke(TestNGProvider.java:113)
at org.apache.maven.surefire.booter.ForkedBooter.runSuitesInProcess(ForkedBooter.java:385)
at org.apache.maven.surefire.booter.ForkedBooter.execute(ForkedBooter.java:162)
at org.apache.maven.surefire.booter.ForkedBooter.run(ForkedBooter.java:507)
at org.apache.maven.surefire.booter.ForkedBooter.main(ForkedBooter.java:495)
]]>
            </full-stacktrace>
          </exception> <!-- java.lang.AssertionError -->
          <reporter-output>
          </reporter-output>
        </test-method> <!-- testCreateBookInvalidData -->
        <test-method signature="testCreateBookMalformedJson()[pri:0, instance:com.bookstore.api.tests.BookstoreApiTests@59505b48]" started-at="2025-07-31T19:27:45 IST" name="testCreateBookMalformedJson" finished-at="2025-07-31T19:27:45 IST" duration-ms="199" status="PASS">
          <reporter-output>
          </reporter-output>
        </test-method> <!-- testCreateBookMalformedJson -->
        <test-method signature="testCreateBookMissingAuthor()[pri:0, instance:com.bookstore.api.tests.BookstoreApiTests@59505b48]" started-at="2025-07-31T19:27:45 IST" name="testCreateBookMissingAuthor" finished-at="2025-07-31T19:27:45 IST" duration-ms="12" status="PASS">
          <reporter-output>
          </reporter-output>
        </test-method> <!-- testCreateBookMissingAuthor -->
        <test-method signature="testCreateBookMissingTitle()[pri:0, instance:com.bookstore.api.tests.BookstoreApiTests@59505b48]" started-at="2025-07-31T19:27:45 IST" name="testCreateBookMissingTitle" finished-at="2025-07-31T19:27:45 IST" duration-ms="10" status="PASS">
          <reporter-output>
          </reporter-output>
        </test-method> <!-- testCreateBookMissingTitle -->
        <test-method signature="testCreateBookZeroPrice()[pri:0, instance:com.bookstore.api.tests.BookstoreApiTests@59505b48]" started-at="2025-07-31T19:27:45 IST" name="testCreateBookZeroPrice" finished-at="2025-07-31T19:27:46 IST" duration-ms="9" status="PASS">
          <reporter-output>
          </reporter-output>
        </test-method> <!-- testCreateBookZeroPrice -->
        <test-method signature="testDeleteNonExistentBook()[pri:0, instance:com.bookstore.api.tests.BookstoreApiTests@59505b48]" started-at="2025-07-31T19:27:46 IST" name="testDeleteNonExistentBook" finished-at="2025-07-31T19:27:46 IST" duration-ms="11" status="PASS">
          <reporter-output>
          </reporter-output>
        </test-method> <!-- testDeleteNonExistentBook -->
        <test-method signature="testGetNonExistentBook()[pri:0, instance:com.bookstore.api.tests.BookstoreApiTests@59505b48]" started-at="2025-07-31T19:27:46 IST" name="testGetNonExistentBook" finished-at="2025-07-31T19:27:46 IST" duration-ms="10" status="PASS">
          <reporter-output>
          </reporter-output>
        </test-method> <!-- testGetNonExistentBook -->
        <test-method signature="testInvalidEndpoint()[pri:0, instance:com.bookstore.api.tests.BookstoreApiTests@59505b48]" started-at="2025-07-31T19:27:46 IST" name="testInvalidEndpoint" finished-at="2025-07-31T19:27:46 IST" duration-ms="8" status="PASS">
          <reporter-output>
          </reporter-output>
        </test-method> <!-- testInvalidEndpoint -->
        <test-method signature="testInvalidMethod()[pri:0, instance:com.bookstore.api.tests.BookstoreApiTests@59505b48]" started-at="2025-07-31T19:27:46 IST" name="testInvalidMethod" finished-at="2025-07-31T19:27:46 IST" duration-ms="10" status="PASS">
          <reporter-output>
          </reporter-output>
        </test-method> <!-- testInvalidMethod -->
        <test-method signature="testUpdateNonExistentBook()[pri:0, instance:com.bookstore.api.tests.BookstoreApiTests@59505b48]" started-at="2025-07-31T19:27:46 IST" name="testUpdateNonExistentBook" finished-at="2025-07-31T19:27:46 IST" duration-ms="8" status="PASS">
          <reporter-output>
          </reporter-output>
        </test-method> <!-- testUpdateNonExistentBook -->
        <test-method signature="testCreateBook()[pri:1, instance:com.bookstore.api.tests.BookstoreApiTests@59505b48]" started-at="2025-07-31T19:27:46 IST" name="testCreateBook" finished-at="2025-07-31T19:27:46 IST" duration-ms="24" status="PASS">
          <reporter-output>
          </reporter-output>
        </test-method> <!-- testCreateBook -->
        <test-method signature="testGetBook()[pri:2, instance:com.bookstore.api.tests.BookstoreApiTests@59505b48]" started-at="2025-07-31T19:27:46 IST" name="testGetBook" finished-at="2025-07-31T19:27:46 IST" depends-on-methods="com.bookstore.api.tests.BookstoreApiTests.testCreateBook" duration-ms="17" status="PASS">
          <reporter-output>
          </reporter-output>
        </test-method> <!-- testGetBook -->
        <test-method signature="testUpdateBook()[pri:3, instance:com.bookstore.api.tests.BookstoreApiTests@59505b48]" started-at="2025-07-31T19:27:46 IST" name="testUpdateBook" finished-at="2025-07-31T19:27:46 IST" depends-on-methods="com.bookstore.api.tests.BookstoreApiTests.testCreateBook" duration-ms="14" status="PASS">
          <reporter-output>
          </reporter-output>
        </test-method> <!-- testUpdateBook -->
        <test-method signature="testDeleteBook()[pri:4, instance:com.bookstore.api.tests.BookstoreApiTests@59505b48]" started-at="2025-07-31T19:27:46 IST" name="testDeleteBook" finished-at="2025-07-31T19:27:46 IST" depends-on-methods="com.bookstore.api.tests.BookstoreApiTests.testCreateBook" duration-ms="3" status="PASS">
          <reporter-output>
          </reporter-output>
        </test-method> <!-- testDeleteBook -->
        <test-method is-config="true" signature="tearDown()[pri:0, instance:com.bookstore.api.tests.BookstoreApiTests@59505b48]" started-at="2025-07-31T19:27:46 IST" name="tearDown" finished-at="2025-07-31T19:27:46 IST" duration-ms="6" status="PASS">
          <reporter-output>
          </reporter-output>
        </test-method> <!-- tearDown -->
      </class> <!-- com.bookstore.api.tests.BookstoreApiTests -->
    </test> <!-- API Tests -->
  </suite> <!-- Bookstore API Test Suite -->
</testng-results>
