<html>
<head>
<title>TestNG:  API Tests</title>
<link href="../testng.css" rel="stylesheet" type="text/css" />
<link href="../my-testng.css" rel="stylesheet" type="text/css" />

<style type="text/css">
.log { display: none;} 
.stack-trace { display: none;} 
</style>
<script type="text/javascript">
<!--
function flip(e) {
  current = e.style.display;
  if (current == 'block') {
    e.style.display = 'none';
    return 0;
  }
  else {
    e.style.display = 'block';
    return 1;
  }
}

function toggleBox(szDivId, elem, msg1, msg2)
{
  var res = -1;  if (document.getElementById) {
    res = flip(document.getElementById(szDivId));
  }
  else if (document.all) {
    // this is the way old msie versions work
    res = flip(document.all[szDivId]);
  }
  if(elem) {
    if(res == 0) elem.innerHTML = msg1; else elem.innerHTML = msg2;
  }

}

function toggleAllBoxes() {
  if (document.getElementsByTagName) {
    d = document.getElementsByTagName('div');
    for (i = 0; i < d.length; i++) {
      if (d[i].className == 'log') {
        flip(d[i]);
      }
    }
  }
}

// -->
</script>

</head>
<body>
<h2 align='center'>API Tests</h2><table border='1' align="center">
<tr>
<td>Tests passed/Failed/Skipped:</td><td>13/1/0</td>
</tr><tr>
<td>Started on:</td><td>Thu Jul 31 19:27:44 IST 2025</td>
</tr>
<tr><td>Total time:</td><td>1 seconds (1327 ms)</td>
</tr><tr>
<td>Included groups:</td><td></td>
</tr><tr>
<td>Excluded groups:</td><td></td>
</tr>
</table><p/>
<small><i>(Hover the method name to see the test class name)</i></small><p/>
<table width='100%' border='1' class='invocation-failed'>
<tr><td colspan='4' align='center'><b>FAILED TESTS</b></td></tr>
<tr><td><b>Test method</b></td>
<td><b>Attribute(s)</b></td>
<td width="30%"><b>Exception</b></td>
<td width="10%"><b>Time (seconds)</b></td>
<td><b>Instance</b></td>
</tr>
<tr>
<td title='com.bookstore.api.tests.BookstoreApiTests.testCreateBookInvalidData()'><b>testCreateBookInvalidData</b><br>Test class: com.bookstore.api.tests.BookstoreApiTests</td>
<td><div><pre>java.lang.AssertionError: 1 expectation failed.
Expected status code &lt;422&gt; but was &lt;404&gt;.

	at org.codehaus.groovy.runtime.callsite.ConstructorSite$ConstructorSiteNoUnwrapNoCoerce.callConstructor(ConstructorSite.java:108)
	at org.codehaus.groovy.runtime.callsite.CallSiteArray.defaultCallConstructor(CallSiteArray.java:57)
	at org.codehaus.groovy.runtime.callsite.AbstractCallSite.callConstructor(AbstractCallSite.java:263)
	at org.codehaus.groovy.runtime.callsite.AbstractCallSite.callConstructor(AbstractCallSite.java:277)
	at io.restassured.internal.ResponseSpecificationImpl$HamcrestAssertionClosure.validate(ResponseSpecificationImpl.groovy:512)
	at io.restassured.internal.ResponseSpecificationImpl$HamcrestAssertionClosure$validate$1.call(Unknown Source)
	at org.codehaus.groovy.runtime.callsite.CallSiteArray.defaultCall(CallSiteArray.java:45)
	at org.codehaus.groovy.runtime.callsite.AbstractCallSite.call(AbstractCallSite.java:125)
	at org.codehaus.groovy.runtime.callsite.AbstractCallSite.call(AbstractCallSite.java:139)
	at io.restassured.internal.ResponseSpecificationImpl.validateResponseIfRequired(ResponseSpecificationImpl.groovy:696)
	at io.restassured.internal.ResponseSpecificationImpl.this$2$validateResponseIfRequired(ResponseSpecificationImpl.groovy)
	at org.codehaus.groovy.runtime.callsite.PlainObjectMetaMethodSite.doInvoke(PlainObjectMetaMethodSite.java:43)
	at org.codehaus.groovy.runtime.callsite.PogoMetaMethodSite$PogoCachedMethodSiteNoUnwrapNoCoerce.invoke(PogoMetaMethodSite.java:198)
	at org.codehaus.groovy.runtime.callsite.PogoMetaMethodSite.callCurrent(PogoMetaMethodSite.java:62)
	at org.codehaus.groovy.runtime.callsite.CallSiteArray.defaultCallCurrent(CallSiteArray.java:49)
	at org.codehaus.groovy.runtime.callsite.AbstractCallSite.callCurrent(AbstractCallSite.java:171)
	at org.codehaus.groovy.runtime.callsite.AbstractCallSite.callCurrent(AbstractCallSite.java:185)
	at io.restassured.internal.ResponseSpecificationImpl.statusCode(ResponseSpecificationImpl.groovy:135)
	at io.restassured.specification.ResponseSpecification$statusCode$0.callCurrent(Unknown Source)
	at org.codehaus.groovy.runtime.callsite.CallSiteArray.defaultCallCurrent(CallSiteArray.java:49)
	at org.codehaus.groovy.runtime.callsite.AbstractCallSite.callCurrent(AbstractCallSite.java:171)
	at org.codehaus.groovy.runtime.callsite.AbstractCallSite.callCurrent(AbstractCallSite.java:185)
	at io.restassured.internal.ResponseSpecificationImpl.statusCode(ResponseSpecificationImpl.groovy:143)
	at io.restassured.internal.ValidatableResponseOptionsImpl.statusCode(ValidatableResponseOptionsImpl.java:89)
	at com.bookstore.api.tests.BookstoreApiTests.testCreateBookInvalidData(BookstoreApiTests.java:211)
	at java.base/java.util.ArrayList.forEach(ArrayList.java:1511)
... Removed 41 stack frames</pre></div><a href='#' onClick='toggleBox("stack-trace705258430", this, "Click to show all stack frames", "Click to hide stack frames")'>Click to show all stack frames</a>
<div class='stack-trace' id='stack-trace705258430'><pre>java.lang.AssertionError: 1 expectation failed.
Expected status code &lt;422&gt; but was &lt;404&gt;.

	at java.base/jdk.internal.reflect.NativeConstructorAccessorImpl.newInstance0(Native Method)
	at java.base/jdk.internal.reflect.NativeConstructorAccessorImpl.newInstance(NativeConstructorAccessorImpl.java:77)
	at java.base/jdk.internal.reflect.DelegatingConstructorAccessorImpl.newInstance(DelegatingConstructorAccessorImpl.java:45)
	at java.base/java.lang.reflect.Constructor.newInstanceWithCaller(Constructor.java:500)
	at java.base/java.lang.reflect.Constructor.newInstance(Constructor.java:481)
	at org.codehaus.groovy.reflection.CachedConstructor.invoke(CachedConstructor.java:73)
	at org.codehaus.groovy.runtime.callsite.ConstructorSite$ConstructorSiteNoUnwrapNoCoerce.callConstructor(ConstructorSite.java:108)
	at org.codehaus.groovy.runtime.callsite.CallSiteArray.defaultCallConstructor(CallSiteArray.java:57)
	at org.codehaus.groovy.runtime.callsite.AbstractCallSite.callConstructor(AbstractCallSite.java:263)
	at org.codehaus.groovy.runtime.callsite.AbstractCallSite.callConstructor(AbstractCallSite.java:277)
	at io.restassured.internal.ResponseSpecificationImpl$HamcrestAssertionClosure.validate(ResponseSpecificationImpl.groovy:512)
	at io.restassured.internal.ResponseSpecificationImpl$HamcrestAssertionClosure$validate$1.call(Unknown Source)
	at org.codehaus.groovy.runtime.callsite.CallSiteArray.defaultCall(CallSiteArray.java:45)
	at org.codehaus.groovy.runtime.callsite.AbstractCallSite.call(AbstractCallSite.java:125)
	at org.codehaus.groovy.runtime.callsite.AbstractCallSite.call(AbstractCallSite.java:139)
	at io.restassured.internal.ResponseSpecificationImpl.validateResponseIfRequired(ResponseSpecificationImpl.groovy:696)
	at io.restassured.internal.ResponseSpecificationImpl.this$2$validateResponseIfRequired(ResponseSpecificationImpl.groovy)
	at java.base/jdk.internal.reflect.NativeMethodAccessorImpl.invoke0(Native Method)
	at java.base/jdk.internal.reflect.NativeMethodAccessorImpl.invoke(NativeMethodAccessorImpl.java:77)
	at java.base/jdk.internal.reflect.DelegatingMethodAccessorImpl.invoke(DelegatingMethodAccessorImpl.java:43)
	at java.base/java.lang.reflect.Method.invoke(Method.java:569)
	at org.codehaus.groovy.runtime.callsite.PlainObjectMetaMethodSite.doInvoke(PlainObjectMetaMethodSite.java:43)
	at org.codehaus.groovy.runtime.callsite.PogoMetaMethodSite$PogoCachedMethodSiteNoUnwrapNoCoerce.invoke(PogoMetaMethodSite.java:198)
	at org.codehaus.groovy.runtime.callsite.PogoMetaMethodSite.callCurrent(PogoMetaMethodSite.java:62)
	at org.codehaus.groovy.runtime.callsite.CallSiteArray.defaultCallCurrent(CallSiteArray.java:49)
	at org.codehaus.groovy.runtime.callsite.AbstractCallSite.callCurrent(AbstractCallSite.java:171)
	at org.codehaus.groovy.runtime.callsite.AbstractCallSite.callCurrent(AbstractCallSite.java:185)
	at io.restassured.internal.ResponseSpecificationImpl.statusCode(ResponseSpecificationImpl.groovy:135)
	at io.restassured.specification.ResponseSpecification$statusCode$0.callCurrent(Unknown Source)
	at org.codehaus.groovy.runtime.callsite.CallSiteArray.defaultCallCurrent(CallSiteArray.java:49)
	at org.codehaus.groovy.runtime.callsite.AbstractCallSite.callCurrent(AbstractCallSite.java:171)
	at org.codehaus.groovy.runtime.callsite.AbstractCallSite.callCurrent(AbstractCallSite.java:185)
	at io.restassured.internal.ResponseSpecificationImpl.statusCode(ResponseSpecificationImpl.groovy:143)
	at io.restassured.internal.ValidatableResponseOptionsImpl.statusCode(ValidatableResponseOptionsImpl.java:89)
	at com.bookstore.api.tests.BookstoreApiTests.testCreateBookInvalidData(BookstoreApiTests.java:211)
	at java.base/jdk.internal.reflect.NativeMethodAccessorImpl.invoke0(Native Method)
	at java.base/jdk.internal.reflect.NativeMethodAccessorImpl.invoke(NativeMethodAccessorImpl.java:77)
	at java.base/jdk.internal.reflect.DelegatingMethodAccessorImpl.invoke(DelegatingMethodAccessorImpl.java:43)
	at java.base/java.lang.reflect.Method.invoke(Method.java:569)
	at org.testng.internal.invokers.MethodInvocationHelper.invokeMethod(MethodInvocationHelper.java:141)
	at org.testng.internal.invokers.TestInvoker.invokeMethod(TestInvoker.java:686)
	at org.testng.internal.invokers.TestInvoker.invokeTestMethod(TestInvoker.java:230)
	at org.testng.internal.invokers.MethodRunner.runInSequence(MethodRunner.java:63)
	at org.testng.internal.invokers.TestInvoker$MethodInvocationAgent.invoke(TestInvoker.java:992)
	at org.testng.internal.invokers.TestInvoker.invokeTestMethods(TestInvoker.java:203)
	at org.testng.internal.invokers.TestMethodWorker.invokeTestMethods(TestMethodWorker.java:154)
	at org.testng.internal.invokers.TestMethodWorker.run(TestMethodWorker.java:134)
	at java.base/java.util.ArrayList.forEach(ArrayList.java:1511)
	at org.testng.TestRunner.privateRun(TestRunner.java:739)
	at org.testng.TestRunner.run(TestRunner.java:614)
	at org.testng.SuiteRunner.runTest(SuiteRunner.java:421)
	at org.testng.SuiteRunner.runSequentially(SuiteRunner.java:413)
	at org.testng.SuiteRunner.privateRun(SuiteRunner.java:373)
	at org.testng.SuiteRunner.run(SuiteRunner.java:312)
	at org.testng.SuiteRunnerWorker.runSuite(SuiteRunnerWorker.java:52)
	at org.testng.SuiteRunnerWorker.run(SuiteRunnerWorker.java:95)
	at org.testng.TestNG.runSuitesSequentially(TestNG.java:1274)
	at org.testng.TestNG.runSuitesLocally(TestNG.java:1208)
	at org.testng.TestNG.runSuites(TestNG.java:1112)
	at org.testng.TestNG.run(TestNG.java:1079)
	at org.apache.maven.surefire.testng.TestNGExecutor.run(TestNGExecutor.java:308)
	at org.apache.maven.surefire.testng.TestNGXmlTestSuite.execute(TestNGXmlTestSuite.java:71)
	at org.apache.maven.surefire.testng.TestNGProvider.invoke(TestNGProvider.java:113)
	at org.apache.maven.surefire.booter.ForkedBooter.runSuitesInProcess(ForkedBooter.java:385)
	at org.apache.maven.surefire.booter.ForkedBooter.execute(ForkedBooter.java:162)
	at org.apache.maven.surefire.booter.ForkedBooter.run(ForkedBooter.java:507)
	at org.apache.maven.surefire.booter.ForkedBooter.main(ForkedBooter.java:495)
</pre></div></td>
<td>0</td>
<td>com.bookstore.api.tests.BookstoreApiTests@59505b48</td></tr>
</table><p>
<table width='100%' border='1' class='invocation-passed'>
<tr><td colspan='4' align='center'><b>PASSED TESTS</b></td></tr>
<tr><td><b>Test method</b></td>
<td><b>Attribute(s)</b></td>
<td width="30%"><b>Exception</b></td>
<td width="10%"><b>Time (seconds)</b></td>
<td><b>Instance</b></td>
</tr>
<tr>
<td title='com.bookstore.api.tests.BookstoreApiTests.testInvalidMethod()'><b>testInvalidMethod</b><br>Test class: com.bookstore.api.tests.BookstoreApiTests</td>
<td></td>
<td>0</td>
<td>com.bookstore.api.tests.BookstoreApiTests@59505b48</td></tr>
<tr>
<td title='com.bookstore.api.tests.BookstoreApiTests.testGetNonExistentBook()'><b>testGetNonExistentBook</b><br>Test class: com.bookstore.api.tests.BookstoreApiTests</td>
<td></td>
<td>0</td>
<td>com.bookstore.api.tests.BookstoreApiTests@59505b48</td></tr>
<tr>
<td title='com.bookstore.api.tests.BookstoreApiTests.testDeleteNonExistentBook()'><b>testDeleteNonExistentBook</b><br>Test class: com.bookstore.api.tests.BookstoreApiTests</td>
<td></td>
<td>0</td>
<td>com.bookstore.api.tests.BookstoreApiTests@59505b48</td></tr>
<tr>
<td title='com.bookstore.api.tests.BookstoreApiTests.testDeleteBook()'><b>testDeleteBook</b><br>Test class: com.bookstore.api.tests.BookstoreApiTests</td>
<td></td>
<td>0</td>
<td>com.bookstore.api.tests.BookstoreApiTests@59505b48</td></tr>
<tr>
<td title='com.bookstore.api.tests.BookstoreApiTests.testCreateBookMalformedJson()'><b>testCreateBookMalformedJson</b><br>Test class: com.bookstore.api.tests.BookstoreApiTests</td>
<td></td>
<td>0</td>
<td>com.bookstore.api.tests.BookstoreApiTests@59505b48</td></tr>
<tr>
<td title='com.bookstore.api.tests.BookstoreApiTests.testCreateBookZeroPrice()'><b>testCreateBookZeroPrice</b><br>Test class: com.bookstore.api.tests.BookstoreApiTests</td>
<td></td>
<td>0</td>
<td>com.bookstore.api.tests.BookstoreApiTests@59505b48</td></tr>
<tr>
<td title='com.bookstore.api.tests.BookstoreApiTests.testCreateBook()'><b>testCreateBook</b><br>Test class: com.bookstore.api.tests.BookstoreApiTests</td>
<td></td>
<td>0</td>
<td>com.bookstore.api.tests.BookstoreApiTests@59505b48</td></tr>
<tr>
<td title='com.bookstore.api.tests.BookstoreApiTests.testGetBook()'><b>testGetBook</b><br>Test class: com.bookstore.api.tests.BookstoreApiTests</td>
<td></td>
<td>0</td>
<td>com.bookstore.api.tests.BookstoreApiTests@59505b48</td></tr>
<tr>
<td title='com.bookstore.api.tests.BookstoreApiTests.testCreateBookMissingTitle()'><b>testCreateBookMissingTitle</b><br>Test class: com.bookstore.api.tests.BookstoreApiTests</td>
<td></td>
<td>0</td>
<td>com.bookstore.api.tests.BookstoreApiTests@59505b48</td></tr>
<tr>
<td title='com.bookstore.api.tests.BookstoreApiTests.testUpdateBook()'><b>testUpdateBook</b><br>Test class: com.bookstore.api.tests.BookstoreApiTests</td>
<td></td>
<td>0</td>
<td>com.bookstore.api.tests.BookstoreApiTests@59505b48</td></tr>
<tr>
<td title='com.bookstore.api.tests.BookstoreApiTests.testUpdateNonExistentBook()'><b>testUpdateNonExistentBook</b><br>Test class: com.bookstore.api.tests.BookstoreApiTests</td>
<td></td>
<td>0</td>
<td>com.bookstore.api.tests.BookstoreApiTests@59505b48</td></tr>
<tr>
<td title='com.bookstore.api.tests.BookstoreApiTests.testCreateBookMissingAuthor()'><b>testCreateBookMissingAuthor</b><br>Test class: com.bookstore.api.tests.BookstoreApiTests</td>
<td></td>
<td>0</td>
<td>com.bookstore.api.tests.BookstoreApiTests@59505b48</td></tr>
<tr>
<td title='com.bookstore.api.tests.BookstoreApiTests.testInvalidEndpoint()'><b>testInvalidEndpoint</b><br>Test class: com.bookstore.api.tests.BookstoreApiTests</td>
<td></td>
<td>0</td>
<td>com.bookstore.api.tests.BookstoreApiTests@59505b48</td></tr>
</table><p>
</body>
</html>