<?xml version="1.0" encoding="UTF-8"?>
<!-- Generated by org.testng.reporters.JUnitXMLReporter -->
<testsuite ignored="0" hostname="Akashs-MacBook-Air.local" failures="1" tests="14" name="API Tests" time="1.327" errors="0" timestamp="2025-07-31T19:27:46 IST">
  <testcase classname="com.bookstore.api.tests.BookstoreApiTests" name="testCreateBookInvalidData" time="0.313">
    <failure type="java.lang.AssertionError" message="1 expectation failed.
Expected status code &amp;lt;422&amp;gt; but was &amp;lt;404&amp;gt;.
">
      <![CDATA[java.lang.AssertionError: 1 expectation failed.
Expected status code <422> but was <404>.

at org.codehaus.groovy.runtime.callsite.ConstructorSite$ConstructorSiteNoUnwrapNoCoerce.callConstructor(ConstructorSite.java:108)
at org.codehaus.groovy.runtime.callsite.CallSiteArray.defaultCallConstructor(CallSiteArray.java:57)
at org.codehaus.groovy.runtime.callsite.AbstractCallSite.callConstructor(AbstractCallSite.java:263)
at org.codehaus.groovy.runtime.callsite.AbstractCallSite.callConstructor(AbstractCallSite.java:277)
at io.restassured.internal.ResponseSpecificationImpl$HamcrestAssertionClosure.validate(ResponseSpecificationImpl.groovy:512)
at io.restassured.internal.ResponseSpecificationImpl$HamcrestAssertionClosure$validate$1.call(Unknown Source)
at org.codehaus.groovy.runtime.callsite.CallSiteArray.defaultCall(CallSiteArray.java:45)
at org.codehaus.groovy.runtime.callsite.AbstractCallSite.call(AbstractCallSite.java:125)
at org.codehaus.groovy.runtime.callsite.AbstractCallSite.call(AbstractCallSite.java:139)
at io.restassured.internal.ResponseSpecificationImpl.validateResponseIfRequired(ResponseSpecificationImpl.groovy:696)
at io.restassured.internal.ResponseSpecificationImpl.this$2$validateResponseIfRequired(ResponseSpecificationImpl.groovy)
at org.codehaus.groovy.runtime.callsite.PlainObjectMetaMethodSite.doInvoke(PlainObjectMetaMethodSite.java:43)
at org.codehaus.groovy.runtime.callsite.PogoMetaMethodSite$PogoCachedMethodSiteNoUnwrapNoCoerce.invoke(PogoMetaMethodSite.java:198)
at org.codehaus.groovy.runtime.callsite.PogoMetaMethodSite.callCurrent(PogoMetaMethodSite.java:62)
at org.codehaus.groovy.runtime.callsite.CallSiteArray.defaultCallCurrent(CallSiteArray.java:49)
at org.codehaus.groovy.runtime.callsite.AbstractCallSite.callCurrent(AbstractCallSite.java:171)
at org.codehaus.groovy.runtime.callsite.AbstractCallSite.callCurrent(AbstractCallSite.java:185)
at io.restassured.internal.ResponseSpecificationImpl.statusCode(ResponseSpecificationImpl.groovy:135)
at io.restassured.specification.ResponseSpecification$statusCode$0.callCurrent(Unknown Source)
at org.codehaus.groovy.runtime.callsite.CallSiteArray.defaultCallCurrent(CallSiteArray.java:49)
at org.codehaus.groovy.runtime.callsite.AbstractCallSite.callCurrent(AbstractCallSite.java:171)
at org.codehaus.groovy.runtime.callsite.AbstractCallSite.callCurrent(AbstractCallSite.java:185)
at io.restassured.internal.ResponseSpecificationImpl.statusCode(ResponseSpecificationImpl.groovy:143)
at io.restassured.internal.ValidatableResponseOptionsImpl.statusCode(ValidatableResponseOptionsImpl.java:89)
at com.bookstore.api.tests.BookstoreApiTests.testCreateBookInvalidData(BookstoreApiTests.java:211)
at java.base/java.util.ArrayList.forEach(ArrayList.java:1511)
... Removed 41 stack frames]]>
    </failure>
  </testcase> <!-- testCreateBookInvalidData -->
  <testcase classname="com.bookstore.api.tests.BookstoreApiTests" name="testCreateBookMalformedJson" time="0.199"/>
  <testcase classname="com.bookstore.api.tests.BookstoreApiTests" name="testCreateBookMissingAuthor" time="0.012"/>
  <testcase classname="com.bookstore.api.tests.BookstoreApiTests" name="testCreateBookMissingTitle" time="0.01"/>
  <testcase classname="com.bookstore.api.tests.BookstoreApiTests" name="testCreateBookZeroPrice" time="0.009"/>
  <testcase classname="com.bookstore.api.tests.BookstoreApiTests" name="testDeleteNonExistentBook" time="0.011"/>
  <testcase classname="com.bookstore.api.tests.BookstoreApiTests" name="testGetNonExistentBook" time="0.01"/>
  <testcase classname="com.bookstore.api.tests.BookstoreApiTests" name="testInvalidEndpoint" time="0.008"/>
  <testcase classname="com.bookstore.api.tests.BookstoreApiTests" name="testInvalidMethod" time="0.01"/>
  <testcase classname="com.bookstore.api.tests.BookstoreApiTests" name="testUpdateNonExistentBook" time="0.008"/>
  <testcase classname="com.bookstore.api.tests.BookstoreApiTests" name="testCreateBook" time="0.024"/>
  <testcase classname="com.bookstore.api.tests.BookstoreApiTests" name="testGetBook" time="0.017"/>
  <testcase classname="com.bookstore.api.tests.BookstoreApiTests" name="testUpdateBook" time="0.014"/>
  <testcase classname="com.bookstore.api.tests.BookstoreApiTests" name="testDeleteBook" time="0.003"/>
</testsuite> <!-- API Tests -->
